2024-11-01 15:18:38,731 - INFO - Using device: cpu
2024-11-01 15:18:41,653 - ERROR - Error loading data: [Errno 2] No such file or directory: 'path/to/your/data.csv'
2024-11-01 15:18:41,653 - ERROR - An error occurred: [Errno 2] No such file or directory: 'path/to/your/data.csv'
2024-11-01 15:19:50,404 - INFO - Using device: cpu
2024-11-01 15:19:53,520 - ERROR - Error loading data: Error tokenizing data. C error: Expected 1 fields in line 4, saw 2

2024-11-01 15:19:53,520 - ERROR - An error occurred: Error tokenizing data. C error: Expected 1 fields in line 4, saw 2

2024-11-01 15:23:40,089 - INFO - Using device: cpu
2024-11-01 15:23:42,906 - INFO - Calculating embeddings...
2024-11-01 15:23:52,354 - INFO - 
Training Fold 1...
2024-11-01 15:23:59,703 - INFO - 
Fold 1:
2024-11-01 15:23:59,703 - INFO - Best parameters: {'svm__C': 10, 'svm__gamma': 'scale', 'svm__kernel': 'linear'}
2024-11-01 15:23:59,704 - INFO - 
Classification Report:
2024-11-01 15:23:59,749 - INFO - 
Metrics for Fold 1:
2024-11-01 15:23:59,749 - INFO - Accuracy: 0.6692
2024-11-01 15:23:59,750 - INFO - Precision: 0.6716
2024-11-01 15:23:59,750 - INFO - Recall: 0.6692
2024-11-01 15:23:59,750 - INFO - F1 Score: 0.6562
2024-11-01 15:23:59,750 - INFO - 
Training Fold 2...
2024-11-01 15:24:04,349 - INFO - 
Fold 2:
2024-11-01 15:24:04,350 - INFO - Best parameters: {'svm__C': 10, 'svm__gamma': 'scale', 'svm__kernel': 'linear'}
2024-11-01 15:24:04,350 - INFO - 
Classification Report:
2024-11-01 15:24:04,363 - INFO - 
Metrics for Fold 2:
2024-11-01 15:24:04,364 - INFO - Accuracy: 0.6923
2024-11-01 15:24:04,364 - INFO - Precision: 0.6955
2024-11-01 15:24:04,364 - INFO - Recall: 0.6923
2024-11-01 15:24:04,364 - INFO - F1 Score: 0.6867
2024-11-01 15:24:04,364 - INFO - 
Training Fold 3...
2024-11-01 15:24:08,913 - INFO - 
Fold 3:
2024-11-01 15:24:08,913 - INFO - Best parameters: {'svm__C': 1, 'svm__gamma': 'scale', 'svm__kernel': 'linear'}
2024-11-01 15:24:08,913 - INFO - 
Classification Report:
2024-11-01 15:24:08,929 - INFO - 
Metrics for Fold 3:
2024-11-01 15:24:08,930 - INFO - Accuracy: 0.7385
2024-11-01 15:24:08,930 - INFO - Precision: 0.7875
2024-11-01 15:24:08,930 - INFO - Recall: 0.7385
2024-11-01 15:24:08,930 - INFO - F1 Score: 0.7394
2024-11-01 15:24:08,930 - INFO - 
Training Fold 4...
2024-11-01 15:24:13,617 - INFO - 
Fold 4:
2024-11-01 15:24:13,617 - INFO - Best parameters: {'svm__C': 1, 'svm__gamma': 'scale', 'svm__kernel': 'linear'}
2024-11-01 15:24:13,617 - INFO - 
Classification Report:
2024-11-01 15:24:13,634 - INFO - 
Metrics for Fold 4:
2024-11-01 15:24:13,634 - INFO - Accuracy: 0.7231
2024-11-01 15:24:13,634 - INFO - Precision: 0.7424
2024-11-01 15:24:13,634 - INFO - Recall: 0.7231
2024-11-01 15:24:13,634 - INFO - F1 Score: 0.7213
2024-11-01 15:24:13,635 - INFO - 
Training Fold 5...
2024-11-01 15:24:18,512 - INFO - 
Fold 5:
2024-11-01 15:24:18,512 - INFO - Best parameters: {'svm__C': 1, 'svm__gamma': 'scale', 'svm__kernel': 'linear'}
2024-11-01 15:24:18,512 - INFO - 
Classification Report:
2024-11-01 15:24:18,530 - INFO - 
Metrics for Fold 5:
2024-11-01 15:24:18,530 - INFO - Accuracy: 0.6692
2024-11-01 15:24:18,530 - INFO - Precision: 0.7026
2024-11-01 15:24:18,530 - INFO - Recall: 0.6692
2024-11-01 15:24:18,530 - INFO - F1 Score: 0.6655
2024-11-01 15:24:18,531 - INFO - 
Best Model Performance (From Fold 3):
2024-11-01 15:24:18,531 - INFO - Accuracy: 0.7385
2024-11-01 15:24:18,531 - INFO - Precision: 0.7875
2024-11-01 15:24:18,531 - INFO - Recall: 0.7385
2024-11-01 15:24:18,531 - INFO - F1 Score: 0.7394
2024-11-01 15:24:18,531 - INFO - Best Parameters: {'svm__C': 1, 'svm__gamma': 'scale', 'svm__kernel': 'linear'}
2024-11-01 15:24:18,532 - INFO - 
Mean scores across all folds:
2024-11-01 15:24:18,532 - INFO - Mean Accuracy: 0.6985
2024-11-01 15:24:18,532 - INFO - Mean Precision: 0.7199
2024-11-01 15:24:18,532 - INFO - Mean Recall: 0.6985
2024-11-01 15:24:18,532 - INFO - Mean F1 Score: 0.6938
2024-11-01 15:24:18,574 - INFO - 
Model and label encoder saved in models directory
2024-11-01 15:24:18,574 - INFO - H5 model saved as models\chatbot_svm_model.h5
2024-11-01 15:27:15,626 - INFO - Using device: cpu
2024-11-01 15:27:18,576 - INFO - Calculating embeddings...
2024-11-01 15:27:27,965 - INFO - 
Training Fold 1...
2024-11-01 15:27:35,065 - INFO - 
Fold 1:
2024-11-01 15:27:35,065 - INFO - Best parameters: {'svm__C': 10, 'svm__gamma': 'scale', 'svm__kernel': 'linear'}
2024-11-01 15:27:35,065 - INFO - 
Classification Report:
2024-11-01 15:27:35,074 - INFO -                                  precision    recall  f1-score   support

               du_lịch_miền_tây       0.50      0.80      0.62         5
du_lịch_đồng_bằng_sông_cửu_long       0.50      0.67      0.57         3
                       lời_chào       0.86      1.00      0.92         6
             mua_sắm_trực_tuyến       1.00      1.00      1.00         3
         san_pham_OCOP_mien_tay       0.60      1.00      0.75         3
                  sản_phẩm_OCOP       0.67      0.67      0.67         3
            sản_phẩm_OCOP_ĐBSCL       0.33      0.33      0.33         3
                 sản_phẩm_ĐBSCL       0.00      0.00      0.00         3
            sản_phẩm_ĐBSCL_thêm       0.50      0.25      0.33         4
             thanh_toán_hóa_đơn       1.00      1.00      1.00         3
                       tạm_biệt       1.00      0.75      0.86         4
              điểm_đến_An_Giang       0.80      1.00      0.89         4
              điểm_đến_Bạc_Liêu       1.00      1.00      1.00         4
               điểm_đến_Bến_Tre       1.00      1.00      1.00         4
                điểm_đến_Cà_Mau       1.00      1.00      1.00         4
               điểm_đến_Cần_Thơ       1.00      1.00      1.00         4
             điểm_đến_Hậu_Giang       0.75      0.75      0.75         4
            điểm_đến_Kiên_Giang       1.00      1.00      1.00         4
               điểm_đến_Long_An       1.00      1.00      1.00         4
             điểm_đến_Sóc_Trăng       0.80      1.00      0.89         4
            điểm_đến_Tiền_Giang       1.00      0.75      0.86         4
              điểm_đến_Trà_Vinh       1.00      1.00      1.00         4
             điểm_đến_Vĩnh_Long       1.00      1.00      1.00         4
              điểm_đến_miền_tây       0.20      0.25      0.22         4
             điểm_đến_Đồng_Tháp       1.00      1.00      1.00         4
               đặc_sản_miền_tây       0.14      0.25      0.18         4
            địa_điểm_OCOP_ĐBSCL       0.00      0.00      0.00         4
                 địa_điểm_ĐBSCL       0.25      0.25      0.25         4
            địa_điểm_ĐBSCL_thêm       0.00      0.00      0.00         3
        đồng_bằng_sông_cửu_long       0.67      0.50      0.57         4
             ẩm_thực_OCOP_ĐBSCL       1.00      0.25      0.40         4
               ẩm_thực_miền_tây       0.33      0.25      0.29         4
                  ẩm_thực_ĐBSCL       0.00      0.00      0.00         3
             ẩm_thực_ĐBSCL_thêm       0.40      0.50      0.44         4

                       accuracy                           0.67       130
                      macro avg       0.66      0.65      0.64       130
                   weighted avg       0.67      0.67      0.66       130

2024-11-01 15:27:35,084 - INFO - 
Metrics for Fold 1:
2024-11-01 15:27:35,084 - INFO - Accuracy: 0.6692
2024-11-01 15:27:35,084 - INFO - Precision: 0.6716
2024-11-01 15:27:35,084 - INFO - Recall: 0.6692
2024-11-01 15:27:35,084 - INFO - F1 Score: 0.6562
2024-11-01 15:27:35,084 - INFO - 
Training Fold 2...
2024-11-01 15:27:39,686 - INFO - 
Fold 2:
2024-11-01 15:27:39,687 - INFO - Best parameters: {'svm__C': 10, 'svm__gamma': 'scale', 'svm__kernel': 'linear'}
2024-11-01 15:27:39,687 - INFO - 
Classification Report:
2024-11-01 15:27:39,695 - INFO -                                  precision    recall  f1-score   support

               du_lịch_miền_tây       0.67      0.80      0.73         5
du_lịch_đồng_bằng_sông_cửu_long       0.67      0.67      0.67         3
                       lời_chào       1.00      1.00      1.00         5
             mua_sắm_trực_tuyến       1.00      0.67      0.80         3
         san_pham_OCOP_mien_tay       0.25      0.33      0.29         3
                  sản_phẩm_OCOP       1.00      0.33      0.50         3
            sản_phẩm_OCOP_ĐBSCL       0.00      0.00      0.00         3
                 sản_phẩm_ĐBSCL       0.20      0.25      0.22         4
            sản_phẩm_ĐBSCL_thêm       0.50      0.75      0.60         4
             thanh_toán_hóa_đơn       1.00      1.00      1.00         3
                       tạm_biệt       1.00      1.00      1.00         5
              điểm_đến_An_Giang       1.00      1.00      1.00         4
              điểm_đến_Bạc_Liêu       1.00      1.00      1.00         4
               điểm_đến_Bến_Tre       1.00      1.00      1.00         4
                điểm_đến_Cà_Mau       1.00      1.00      1.00         4
               điểm_đến_Cần_Thơ       1.00      1.00      1.00         4
             điểm_đến_Hậu_Giang       1.00      1.00      1.00         4
            điểm_đến_Kiên_Giang       1.00      1.00      1.00         4
               điểm_đến_Long_An       1.00      1.00      1.00         4
             điểm_đến_Sóc_Trăng       1.00      1.00      1.00         4
            điểm_đến_Tiền_Giang       1.00      1.00      1.00         4
              điểm_đến_Trà_Vinh       0.80      1.00      0.89         4
             điểm_đến_Vĩnh_Long       1.00      1.00      1.00         4
              điểm_đến_miền_tây       0.50      0.50      0.50         4
             điểm_đến_Đồng_Tháp       1.00      1.00      1.00         4
               đặc_sản_miền_tây       0.33      0.25      0.29         4
            địa_điểm_OCOP_ĐBSCL       0.00      0.00      0.00         4
                 địa_điểm_ĐBSCL       0.00      0.00      0.00         3
            địa_điểm_ĐBSCL_thêm       0.33      0.33      0.33         3
        đồng_bằng_sông_cửu_long       0.75      0.75      0.75         4
             ẩm_thực_OCOP_ĐBSCL       0.00      0.00      0.00         4
               ẩm_thực_miền_tây       0.33      0.50      0.40         4
                  ẩm_thực_ĐBSCL       0.00      0.00      0.00         3
             ẩm_thực_ĐBSCL_thêm       0.67      0.50      0.57         4

                       accuracy                           0.69       130
                      macro avg       0.68      0.67      0.66       130
                   weighted avg       0.70      0.69      0.69       130

2024-11-01 15:27:39,704 - INFO - 
Metrics for Fold 2:
2024-11-01 15:27:39,704 - INFO - Accuracy: 0.6923
2024-11-01 15:27:39,704 - INFO - Precision: 0.6955
2024-11-01 15:27:39,704 - INFO - Recall: 0.6923
2024-11-01 15:27:39,704 - INFO - F1 Score: 0.6867
2024-11-01 15:27:39,704 - INFO - 
Training Fold 3...
2024-11-01 15:27:44,246 - INFO - 
Fold 3:
2024-11-01 15:27:44,247 - INFO - Best parameters: {'svm__C': 1, 'svm__gamma': 'scale', 'svm__kernel': 'linear'}
2024-11-01 15:27:44,247 - INFO - 
Classification Report:
2024-11-01 15:27:44,255 - INFO -                                  precision    recall  f1-score   support

               du_lịch_miền_tây       1.00      0.40      0.57         5
du_lịch_đồng_bằng_sông_cửu_long       0.33      0.67      0.44         3
                       lời_chào       1.00      1.00      1.00         5
             mua_sắm_trực_tuyến       1.00      0.67      0.80         3
         san_pham_OCOP_mien_tay       0.67      0.50      0.57         4
                  sản_phẩm_OCOP       1.00      0.75      0.86         4
            sản_phẩm_OCOP_ĐBSCL       0.20      0.25      0.22         4
                 sản_phẩm_ĐBSCL       0.20      0.33      0.25         3
            sản_phẩm_ĐBSCL_thêm       0.50      0.50      0.50         4
             thanh_toán_hóa_đơn       0.75      1.00      0.86         3
                       tạm_biệt       1.00      1.00      1.00         5
              điểm_đến_An_Giang       1.00      1.00      1.00         4
              điểm_đến_Bạc_Liêu       1.00      1.00      1.00         4
               điểm_đến_Bến_Tre       1.00      1.00      1.00         4
                điểm_đến_Cà_Mau       1.00      1.00      1.00         4
               điểm_đến_Cần_Thơ       1.00      1.00      1.00         4
             điểm_đến_Hậu_Giang       1.00      1.00      1.00         4
            điểm_đến_Kiên_Giang       1.00      1.00      1.00         4
               điểm_đến_Long_An       1.00      1.00      1.00         4
             điểm_đến_Sóc_Trăng       1.00      1.00      1.00         4
            điểm_đến_Tiền_Giang       1.00      1.00      1.00         4
              điểm_đến_Trà_Vinh       1.00      1.00      1.00         4
             điểm_đến_Vĩnh_Long       1.00      1.00      1.00         4
              điểm_đến_miền_tây       0.57      1.00      0.73         4
             điểm_đến_Đồng_Tháp       1.00      1.00      1.00         4
               đặc_sản_miền_tây       0.50      0.33      0.40         3
            địa_điểm_OCOP_ĐBSCL       0.40      0.50      0.44         4
                 địa_điểm_ĐBSCL       0.00      0.00      0.00         3
            địa_điểm_ĐBSCL_thêm       1.00      0.33      0.50         3
        đồng_bằng_sông_cửu_long       0.75      0.75      0.75         4
             ẩm_thực_OCOP_ĐBSCL       0.33      0.67      0.44         3
               ẩm_thực_miền_tây       0.67      0.50      0.57         4
                  ẩm_thực_ĐBSCL       0.00      0.00      0.00         3
             ẩm_thực_ĐBSCL_thêm       1.00      0.25      0.40         4

                       accuracy                           0.74       130
                      macro avg       0.76      0.72      0.72       130
                   weighted avg       0.79      0.74      0.74       130

2024-11-01 15:27:44,263 - INFO - 
Metrics for Fold 3:
2024-11-01 15:27:44,263 - INFO - Accuracy: 0.7385
2024-11-01 15:27:44,263 - INFO - Precision: 0.7875
2024-11-01 15:27:44,263 - INFO - Recall: 0.7385
2024-11-01 15:27:44,263 - INFO - F1 Score: 0.7394
2024-11-01 15:27:44,263 - INFO - 
Training Fold 4...
2024-11-01 15:27:48,980 - INFO - 
Fold 4:
2024-11-01 15:27:48,980 - INFO - Best parameters: {'svm__C': 1, 'svm__gamma': 'scale', 'svm__kernel': 'linear'}
2024-11-01 15:27:48,980 - INFO - 
Classification Report:
2024-11-01 15:27:48,989 - INFO -                                  precision    recall  f1-score   support

               du_lịch_miền_tây       0.50      0.75      0.60         4
du_lịch_đồng_bằng_sông_cửu_long       0.75      1.00      0.86         3
                       lời_chào       1.00      1.00      1.00         5
             mua_sắm_trực_tuyến       1.00      1.00      1.00         4
         san_pham_OCOP_mien_tay       0.25      0.25      0.25         4
                  sản_phẩm_OCOP       0.75      0.75      0.75         4
            sản_phẩm_OCOP_ĐBSCL       0.00      0.00      0.00         4
                 sản_phẩm_ĐBSCL       0.20      0.33      0.25         3
            sản_phẩm_ĐBSCL_thêm       1.00      0.25      0.40         4
             thanh_toán_hóa_đơn       1.00      1.00      1.00         3
                       tạm_biệt       1.00      1.00      1.00         5
              điểm_đến_An_Giang       1.00      1.00      1.00         4
              điểm_đến_Bạc_Liêu       1.00      1.00      1.00         4
               điểm_đến_Bến_Tre       1.00      1.00      1.00         4
                điểm_đến_Cà_Mau       1.00      1.00      1.00         4
               điểm_đến_Cần_Thơ       1.00      1.00      1.00         4
             điểm_đến_Hậu_Giang       1.00      1.00      1.00         4
            điểm_đến_Kiên_Giang       1.00      1.00      1.00         4
               điểm_đến_Long_An       1.00      1.00      1.00         4
             điểm_đến_Sóc_Trăng       1.00      1.00      1.00         4
            điểm_đến_Tiền_Giang       1.00      1.00      1.00         4
              điểm_đến_Trà_Vinh       1.00      1.00      1.00         4
             điểm_đến_Vĩnh_Long       1.00      1.00      1.00         4
              điểm_đến_miền_tây       0.33      0.25      0.29         4
             điểm_đến_Đồng_Tháp       1.00      1.00      1.00         4
               đặc_sản_miền_tây       0.67      0.50      0.57         4
            địa_điểm_OCOP_ĐBSCL       0.33      0.25      0.29         4
                 địa_điểm_ĐBSCL       0.00      0.00      0.00         3
            địa_điểm_ĐBSCL_thêm       0.67      0.67      0.67         3
        đồng_bằng_sông_cửu_long       1.00      0.67      0.80         3
             ẩm_thực_OCOP_ĐBSCL       0.00      0.00      0.00         3
               ẩm_thực_miền_tây       0.50      0.50      0.50         4
                  ẩm_thực_ĐBSCL       0.33      0.67      0.44         3
             ẩm_thực_ĐBSCL_thêm       0.33      0.25      0.29         4

                       accuracy                           0.72       130
                      macro avg       0.72      0.71      0.70       130
                   weighted avg       0.74      0.72      0.72       130

2024-11-01 15:27:48,997 - INFO - 
Metrics for Fold 4:
2024-11-01 15:27:48,997 - INFO - Accuracy: 0.7231
2024-11-01 15:27:48,997 - INFO - Precision: 0.7424
2024-11-01 15:27:48,997 - INFO - Recall: 0.7231
2024-11-01 15:27:48,997 - INFO - F1 Score: 0.7213
2024-11-01 15:27:48,997 - INFO - 
Training Fold 5...
2024-11-01 15:27:53,658 - INFO - 
Fold 5:
2024-11-01 15:27:53,659 - INFO - Best parameters: {'svm__C': 1, 'svm__gamma': 'scale', 'svm__kernel': 'linear'}
2024-11-01 15:27:53,659 - INFO - 
Classification Report:
2024-11-01 15:27:53,667 - INFO -                                  precision    recall  f1-score   support

               du_lịch_miền_tây       0.40      0.50      0.44         4
du_lịch_đồng_bằng_sông_cửu_long       0.75      1.00      0.86         3
                       lời_chào       0.62      1.00      0.77         5
             mua_sắm_trực_tuyến       1.00      0.67      0.80         3
         san_pham_OCOP_mien_tay       0.25      0.25      0.25         4
                  sản_phẩm_OCOP       0.67      0.67      0.67         3
            sản_phẩm_OCOP_ĐBSCL       0.00      0.00      0.00         3
                 sản_phẩm_ĐBSCL       0.33      0.67      0.44         3
            sản_phẩm_ĐBSCL_thêm       0.67      0.50      0.57         4
             thanh_toán_hóa_đơn       0.80      1.00      0.89         4
                       tạm_biệt       1.00      0.80      0.89         5
              điểm_đến_An_Giang       1.00      1.00      1.00         4
              điểm_đến_Bạc_Liêu       1.00      1.00      1.00         4
               điểm_đến_Bến_Tre       1.00      0.75      0.86         4
                điểm_đến_Cà_Mau       1.00      1.00      1.00         4
               điểm_đến_Cần_Thơ       0.80      1.00      0.89         4
             điểm_đến_Hậu_Giang       1.00      1.00      1.00         4
            điểm_đến_Kiên_Giang       1.00      1.00      1.00         4
               điểm_đến_Long_An       1.00      1.00      1.00         4
             điểm_đến_Sóc_Trăng       1.00      1.00      1.00         4
            điểm_đến_Tiền_Giang       1.00      1.00      1.00         4
              điểm_đến_Trà_Vinh       1.00      1.00      1.00         4
             điểm_đến_Vĩnh_Long       1.00      1.00      1.00         4
              điểm_đến_miền_tây       0.00      0.00      0.00         4
             điểm_đến_Đồng_Tháp       1.00      1.00      1.00         4
               đặc_sản_miền_tây       1.00      0.25      0.40         4
            địa_điểm_OCOP_ĐBSCL       0.00      0.00      0.00         3
                 địa_điểm_ĐBSCL       0.12      0.25      0.17         4
            địa_điểm_ĐBSCL_thêm       1.00      0.33      0.50         3
        đồng_bằng_sông_cửu_long       1.00      0.50      0.67         4
             ẩm_thực_OCOP_ĐBSCL       0.20      0.25      0.22         4
               ẩm_thực_miền_tây       0.25      0.25      0.25         4
                  ẩm_thực_ĐBSCL       0.00      0.00      0.00         3
             ẩm_thực_ĐBSCL_thêm       0.50      0.50      0.50         4

                       accuracy                           0.67       130
                      macro avg       0.69      0.65      0.65       130
                   weighted avg       0.70      0.67      0.67       130

2024-11-01 15:27:53,674 - INFO - 
Metrics for Fold 5:
2024-11-01 15:27:53,674 - INFO - Accuracy: 0.6692
2024-11-01 15:27:53,674 - INFO - Precision: 0.7026
2024-11-01 15:27:53,674 - INFO - Recall: 0.6692
2024-11-01 15:27:53,674 - INFO - F1 Score: 0.6655
2024-11-01 15:27:53,674 - INFO - 
Best Model Performance (From Fold 3):
2024-11-01 15:27:53,675 - INFO - Accuracy: 0.7385
2024-11-01 15:27:53,675 - INFO - Precision: 0.7875
2024-11-01 15:27:53,675 - INFO - Recall: 0.7385
2024-11-01 15:27:53,675 - INFO - F1 Score: 0.7394
2024-11-01 15:27:53,675 - INFO - Best Parameters: {'svm__C': 1, 'svm__gamma': 'scale', 'svm__kernel': 'linear'}
2024-11-01 15:27:53,675 - INFO - 
Mean scores across all folds:
2024-11-01 15:27:53,675 - INFO - Mean Accuracy: 0.6985
2024-11-01 15:27:53,675 - INFO - Mean Precision: 0.7199
2024-11-01 15:27:53,675 - INFO - Mean Recall: 0.6985
2024-11-01 15:27:53,675 - INFO - Mean F1 Score: 0.6938
2024-11-01 15:27:53,703 - INFO - 
Model and label encoder saved in models directory
2024-11-01 15:27:53,703 - INFO - H5 model saved as models\chatbot_svm_model.h5
2024-11-01 15:29:04,965 - INFO - Using device: cpu
2024-11-01 15:29:07,891 - INFO - Calculating embeddings...
2024-11-01 15:29:17,280 - INFO - 
Training Fold 1...
2024-11-01 15:29:24,463 - INFO - 
Fold 1:
2024-11-01 15:29:24,463 - INFO - Best parameters: {'svm__C': 10, 'svm__gamma': 'scale', 'svm__kernel': 'linear'}
2024-11-01 15:29:24,463 - INFO - 
Classification Report:
2024-11-01 15:29:24,472 - INFO -                                  precision    recall  f1-score   support

               du_lịch_miền_tây       0.50      0.80      0.62         5
du_lịch_đồng_bằng_sông_cửu_long       0.50      0.67      0.57         3
                       lời_chào       0.86      1.00      0.92         6
             mua_sắm_trực_tuyến       1.00      1.00      1.00         3
         san_pham_OCOP_mien_tay       0.60      1.00      0.75         3
                  sản_phẩm_OCOP       0.67      0.67      0.67         3
            sản_phẩm_OCOP_ĐBSCL       0.33      0.33      0.33         3
                 sản_phẩm_ĐBSCL       0.00      0.00      0.00         3
            sản_phẩm_ĐBSCL_thêm       0.50      0.25      0.33         4
             thanh_toán_hóa_đơn       1.00      1.00      1.00         3
                       tạm_biệt       1.00      0.75      0.86         4
              điểm_đến_An_Giang       0.80      1.00      0.89         4
              điểm_đến_Bạc_Liêu       1.00      1.00      1.00         4
               điểm_đến_Bến_Tre       1.00      1.00      1.00         4
                điểm_đến_Cà_Mau       1.00      1.00      1.00         4
               điểm_đến_Cần_Thơ       1.00      1.00      1.00         4
             điểm_đến_Hậu_Giang       0.75      0.75      0.75         4
            điểm_đến_Kiên_Giang       1.00      1.00      1.00         4
               điểm_đến_Long_An       1.00      1.00      1.00         4
             điểm_đến_Sóc_Trăng       0.80      1.00      0.89         4
            điểm_đến_Tiền_Giang       1.00      0.75      0.86         4
              điểm_đến_Trà_Vinh       1.00      1.00      1.00         4
             điểm_đến_Vĩnh_Long       1.00      1.00      1.00         4
              điểm_đến_miền_tây       0.20      0.25      0.22         4
             điểm_đến_Đồng_Tháp       1.00      1.00      1.00         4
               đặc_sản_miền_tây       0.14      0.25      0.18         4
            địa_điểm_OCOP_ĐBSCL       0.00      0.00      0.00         4
                 địa_điểm_ĐBSCL       0.25      0.25      0.25         4
            địa_điểm_ĐBSCL_thêm       0.00      0.00      0.00         3
        đồng_bằng_sông_cửu_long       0.67      0.50      0.57         4
             ẩm_thực_OCOP_ĐBSCL       1.00      0.25      0.40         4
               ẩm_thực_miền_tây       0.33      0.25      0.29         4
                  ẩm_thực_ĐBSCL       0.00      0.00      0.00         3
             ẩm_thực_ĐBSCL_thêm       0.40      0.50      0.44         4

                       accuracy                           0.67       130
                      macro avg       0.66      0.65      0.64       130
                   weighted avg       0.67      0.67      0.66       130

2024-11-01 15:29:24,481 - INFO - 
Metrics for Fold 1:
2024-11-01 15:29:24,482 - INFO - Accuracy: 0.6692
2024-11-01 15:29:24,482 - INFO - Precision: 0.6716
2024-11-01 15:29:24,482 - INFO - Recall: 0.6692
2024-11-01 15:29:24,482 - INFO - F1 Score: 0.6562
2024-11-01 15:29:24,482 - INFO - 
Training Fold 2...
2024-11-01 15:29:29,031 - INFO - 
Fold 2:
2024-11-01 15:29:29,031 - INFO - Best parameters: {'svm__C': 10, 'svm__gamma': 'scale', 'svm__kernel': 'linear'}
2024-11-01 15:29:29,031 - INFO - 
Classification Report:
2024-11-01 15:29:29,039 - INFO -                                  precision    recall  f1-score   support

               du_lịch_miền_tây       0.67      0.80      0.73         5
du_lịch_đồng_bằng_sông_cửu_long       0.67      0.67      0.67         3
                       lời_chào       1.00      1.00      1.00         5
             mua_sắm_trực_tuyến       1.00      0.67      0.80         3
         san_pham_OCOP_mien_tay       0.25      0.33      0.29         3
                  sản_phẩm_OCOP       1.00      0.33      0.50         3
            sản_phẩm_OCOP_ĐBSCL       0.00      0.00      0.00         3
                 sản_phẩm_ĐBSCL       0.20      0.25      0.22         4
            sản_phẩm_ĐBSCL_thêm       0.50      0.75      0.60         4
             thanh_toán_hóa_đơn       1.00      1.00      1.00         3
                       tạm_biệt       1.00      1.00      1.00         5
              điểm_đến_An_Giang       1.00      1.00      1.00         4
              điểm_đến_Bạc_Liêu       1.00      1.00      1.00         4
               điểm_đến_Bến_Tre       1.00      1.00      1.00         4
                điểm_đến_Cà_Mau       1.00      1.00      1.00         4
               điểm_đến_Cần_Thơ       1.00      1.00      1.00         4
             điểm_đến_Hậu_Giang       1.00      1.00      1.00         4
            điểm_đến_Kiên_Giang       1.00      1.00      1.00         4
               điểm_đến_Long_An       1.00      1.00      1.00         4
             điểm_đến_Sóc_Trăng       1.00      1.00      1.00         4
            điểm_đến_Tiền_Giang       1.00      1.00      1.00         4
              điểm_đến_Trà_Vinh       0.80      1.00      0.89         4
             điểm_đến_Vĩnh_Long       1.00      1.00      1.00         4
              điểm_đến_miền_tây       0.50      0.50      0.50         4
             điểm_đến_Đồng_Tháp       1.00      1.00      1.00         4
               đặc_sản_miền_tây       0.33      0.25      0.29         4
            địa_điểm_OCOP_ĐBSCL       0.00      0.00      0.00         4
                 địa_điểm_ĐBSCL       0.00      0.00      0.00         3
            địa_điểm_ĐBSCL_thêm       0.33      0.33      0.33         3
        đồng_bằng_sông_cửu_long       0.75      0.75      0.75         4
             ẩm_thực_OCOP_ĐBSCL       0.00      0.00      0.00         4
               ẩm_thực_miền_tây       0.33      0.50      0.40         4
                  ẩm_thực_ĐBSCL       0.00      0.00      0.00         3
             ẩm_thực_ĐBSCL_thêm       0.67      0.50      0.57         4

                       accuracy                           0.69       130
                      macro avg       0.68      0.67      0.66       130
                   weighted avg       0.70      0.69      0.69       130

2024-11-01 15:29:29,046 - INFO - 
Metrics for Fold 2:
2024-11-01 15:29:29,046 - INFO - Accuracy: 0.6923
2024-11-01 15:29:29,046 - INFO - Precision: 0.6955
2024-11-01 15:29:29,046 - INFO - Recall: 0.6923
2024-11-01 15:29:29,046 - INFO - F1 Score: 0.6867
2024-11-01 15:29:29,047 - INFO - 
Training Fold 3...
2024-11-01 15:29:34,036 - INFO - 
Fold 3:
2024-11-01 15:29:34,036 - INFO - Best parameters: {'svm__C': 1, 'svm__gamma': 'scale', 'svm__kernel': 'linear'}
2024-11-01 15:29:34,036 - INFO - 
Classification Report:
2024-11-01 15:29:34,046 - INFO -                                  precision    recall  f1-score   support

               du_lịch_miền_tây       1.00      0.40      0.57         5
du_lịch_đồng_bằng_sông_cửu_long       0.33      0.67      0.44         3
                       lời_chào       1.00      1.00      1.00         5
             mua_sắm_trực_tuyến       1.00      0.67      0.80         3
         san_pham_OCOP_mien_tay       0.67      0.50      0.57         4
                  sản_phẩm_OCOP       1.00      0.75      0.86         4
            sản_phẩm_OCOP_ĐBSCL       0.20      0.25      0.22         4
                 sản_phẩm_ĐBSCL       0.20      0.33      0.25         3
            sản_phẩm_ĐBSCL_thêm       0.50      0.50      0.50         4
             thanh_toán_hóa_đơn       0.75      1.00      0.86         3
                       tạm_biệt       1.00      1.00      1.00         5
              điểm_đến_An_Giang       1.00      1.00      1.00         4
              điểm_đến_Bạc_Liêu       1.00      1.00      1.00         4
               điểm_đến_Bến_Tre       1.00      1.00      1.00         4
                điểm_đến_Cà_Mau       1.00      1.00      1.00         4
               điểm_đến_Cần_Thơ       1.00      1.00      1.00         4
             điểm_đến_Hậu_Giang       1.00      1.00      1.00         4
            điểm_đến_Kiên_Giang       1.00      1.00      1.00         4
               điểm_đến_Long_An       1.00      1.00      1.00         4
             điểm_đến_Sóc_Trăng       1.00      1.00      1.00         4
            điểm_đến_Tiền_Giang       1.00      1.00      1.00         4
              điểm_đến_Trà_Vinh       1.00      1.00      1.00         4
             điểm_đến_Vĩnh_Long       1.00      1.00      1.00         4
              điểm_đến_miền_tây       0.57      1.00      0.73         4
             điểm_đến_Đồng_Tháp       1.00      1.00      1.00         4
               đặc_sản_miền_tây       0.50      0.33      0.40         3
            địa_điểm_OCOP_ĐBSCL       0.40      0.50      0.44         4
                 địa_điểm_ĐBSCL       0.00      0.00      0.00         3
            địa_điểm_ĐBSCL_thêm       1.00      0.33      0.50         3
        đồng_bằng_sông_cửu_long       0.75      0.75      0.75         4
             ẩm_thực_OCOP_ĐBSCL       0.33      0.67      0.44         3
               ẩm_thực_miền_tây       0.67      0.50      0.57         4
                  ẩm_thực_ĐBSCL       0.00      0.00      0.00         3
             ẩm_thực_ĐBSCL_thêm       1.00      0.25      0.40         4

                       accuracy                           0.74       130
                      macro avg       0.76      0.72      0.72       130
                   weighted avg       0.79      0.74      0.74       130

2024-11-01 15:29:34,053 - INFO - 
Metrics for Fold 3:
2024-11-01 15:29:34,053 - INFO - Accuracy: 0.7385
2024-11-01 15:29:34,053 - INFO - Precision: 0.7875
2024-11-01 15:29:34,053 - INFO - Recall: 0.7385
2024-11-01 15:29:34,054 - INFO - F1 Score: 0.7394
2024-11-01 15:29:34,054 - INFO - 
Training Fold 4...
2024-11-01 15:29:39,090 - INFO - 
Fold 4:
2024-11-01 15:29:39,090 - INFO - Best parameters: {'svm__C': 1, 'svm__gamma': 'scale', 'svm__kernel': 'linear'}
2024-11-01 15:29:39,090 - INFO - 
Classification Report:
2024-11-01 15:29:39,098 - INFO -                                  precision    recall  f1-score   support

               du_lịch_miền_tây       0.50      0.75      0.60         4
du_lịch_đồng_bằng_sông_cửu_long       0.75      1.00      0.86         3
                       lời_chào       1.00      1.00      1.00         5
             mua_sắm_trực_tuyến       1.00      1.00      1.00         4
         san_pham_OCOP_mien_tay       0.25      0.25      0.25         4
                  sản_phẩm_OCOP       0.75      0.75      0.75         4
            sản_phẩm_OCOP_ĐBSCL       0.00      0.00      0.00         4
                 sản_phẩm_ĐBSCL       0.20      0.33      0.25         3
            sản_phẩm_ĐBSCL_thêm       1.00      0.25      0.40         4
             thanh_toán_hóa_đơn       1.00      1.00      1.00         3
                       tạm_biệt       1.00      1.00      1.00         5
              điểm_đến_An_Giang       1.00      1.00      1.00         4
              điểm_đến_Bạc_Liêu       1.00      1.00      1.00         4
               điểm_đến_Bến_Tre       1.00      1.00      1.00         4
                điểm_đến_Cà_Mau       1.00      1.00      1.00         4
               điểm_đến_Cần_Thơ       1.00      1.00      1.00         4
             điểm_đến_Hậu_Giang       1.00      1.00      1.00         4
            điểm_đến_Kiên_Giang       1.00      1.00      1.00         4
               điểm_đến_Long_An       1.00      1.00      1.00         4
             điểm_đến_Sóc_Trăng       1.00      1.00      1.00         4
            điểm_đến_Tiền_Giang       1.00      1.00      1.00         4
              điểm_đến_Trà_Vinh       1.00      1.00      1.00         4
             điểm_đến_Vĩnh_Long       1.00      1.00      1.00         4
              điểm_đến_miền_tây       0.33      0.25      0.29         4
             điểm_đến_Đồng_Tháp       1.00      1.00      1.00         4
               đặc_sản_miền_tây       0.67      0.50      0.57         4
            địa_điểm_OCOP_ĐBSCL       0.33      0.25      0.29         4
                 địa_điểm_ĐBSCL       0.00      0.00      0.00         3
            địa_điểm_ĐBSCL_thêm       0.67      0.67      0.67         3
        đồng_bằng_sông_cửu_long       1.00      0.67      0.80         3
             ẩm_thực_OCOP_ĐBSCL       0.00      0.00      0.00         3
               ẩm_thực_miền_tây       0.50      0.50      0.50         4
                  ẩm_thực_ĐBSCL       0.33      0.67      0.44         3
             ẩm_thực_ĐBSCL_thêm       0.33      0.25      0.29         4

                       accuracy                           0.72       130
                      macro avg       0.72      0.71      0.70       130
                   weighted avg       0.74      0.72      0.72       130

2024-11-01 15:29:39,105 - INFO - 
Metrics for Fold 4:
2024-11-01 15:29:39,105 - INFO - Accuracy: 0.7231
2024-11-01 15:29:39,105 - INFO - Precision: 0.7424
2024-11-01 15:29:39,105 - INFO - Recall: 0.7231
2024-11-01 15:29:39,105 - INFO - F1 Score: 0.7213
2024-11-01 15:29:39,106 - INFO - 
Training Fold 5...
2024-11-01 15:29:44,233 - INFO - 
Fold 5:
2024-11-01 15:29:44,233 - INFO - Best parameters: {'svm__C': 1, 'svm__gamma': 'scale', 'svm__kernel': 'linear'}
2024-11-01 15:29:44,233 - INFO - 
Classification Report:
2024-11-01 15:29:44,242 - INFO -                                  precision    recall  f1-score   support

               du_lịch_miền_tây       0.40      0.50      0.44         4
du_lịch_đồng_bằng_sông_cửu_long       0.75      1.00      0.86         3
                       lời_chào       0.62      1.00      0.77         5
             mua_sắm_trực_tuyến       1.00      0.67      0.80         3
         san_pham_OCOP_mien_tay       0.25      0.25      0.25         4
                  sản_phẩm_OCOP       0.67      0.67      0.67         3
            sản_phẩm_OCOP_ĐBSCL       0.00      0.00      0.00         3
                 sản_phẩm_ĐBSCL       0.33      0.67      0.44         3
            sản_phẩm_ĐBSCL_thêm       0.67      0.50      0.57         4
             thanh_toán_hóa_đơn       0.80      1.00      0.89         4
                       tạm_biệt       1.00      0.80      0.89         5
              điểm_đến_An_Giang       1.00      1.00      1.00         4
              điểm_đến_Bạc_Liêu       1.00      1.00      1.00         4
               điểm_đến_Bến_Tre       1.00      0.75      0.86         4
                điểm_đến_Cà_Mau       1.00      1.00      1.00         4
               điểm_đến_Cần_Thơ       0.80      1.00      0.89         4
             điểm_đến_Hậu_Giang       1.00      1.00      1.00         4
            điểm_đến_Kiên_Giang       1.00      1.00      1.00         4
               điểm_đến_Long_An       1.00      1.00      1.00         4
             điểm_đến_Sóc_Trăng       1.00      1.00      1.00         4
            điểm_đến_Tiền_Giang       1.00      1.00      1.00         4
              điểm_đến_Trà_Vinh       1.00      1.00      1.00         4
             điểm_đến_Vĩnh_Long       1.00      1.00      1.00         4
              điểm_đến_miền_tây       0.00      0.00      0.00         4
             điểm_đến_Đồng_Tháp       1.00      1.00      1.00         4
               đặc_sản_miền_tây       1.00      0.25      0.40         4
            địa_điểm_OCOP_ĐBSCL       0.00      0.00      0.00         3
                 địa_điểm_ĐBSCL       0.12      0.25      0.17         4
            địa_điểm_ĐBSCL_thêm       1.00      0.33      0.50         3
        đồng_bằng_sông_cửu_long       1.00      0.50      0.67         4
             ẩm_thực_OCOP_ĐBSCL       0.20      0.25      0.22         4
               ẩm_thực_miền_tây       0.25      0.25      0.25         4
                  ẩm_thực_ĐBSCL       0.00      0.00      0.00         3
             ẩm_thực_ĐBSCL_thêm       0.50      0.50      0.50         4

                       accuracy                           0.67       130
                      macro avg       0.69      0.65      0.65       130
                   weighted avg       0.70      0.67      0.67       130

2024-11-01 15:29:44,250 - INFO - 
Metrics for Fold 5:
2024-11-01 15:29:44,250 - INFO - Accuracy: 0.6692
2024-11-01 15:29:44,250 - INFO - Precision: 0.7026
2024-11-01 15:29:44,250 - INFO - Recall: 0.6692
2024-11-01 15:29:44,250 - INFO - F1 Score: 0.6655
2024-11-01 15:29:44,250 - INFO - 
Best Model Performance (From Fold 3):
2024-11-01 15:29:44,251 - INFO - Accuracy: 0.7385
2024-11-01 15:29:44,251 - INFO - Precision: 0.7875
2024-11-01 15:29:44,251 - INFO - Recall: 0.7385
2024-11-01 15:29:44,251 - INFO - F1 Score: 0.7394
2024-11-01 15:29:44,251 - INFO - Best Parameters: {'svm__C': 1, 'svm__gamma': 'scale', 'svm__kernel': 'linear'}
2024-11-01 15:29:44,251 - INFO - 
Mean scores across all folds:
2024-11-01 15:29:44,252 - INFO - Mean Accuracy: 0.6985
2024-11-01 15:29:44,252 - INFO - Mean Precision: 0.7199
2024-11-01 15:29:44,252 - INFO - Mean Recall: 0.6985
2024-11-01 15:29:44,252 - INFO - Mean F1 Score: 0.6938
2024-11-01 15:29:44,289 - INFO - 
Model and label encoder saved in models directory
2024-11-01 15:29:44,289 - INFO - H5 model saved as models\chatbot_svm_model.h5
2024-11-01 15:31:00,207 - INFO - Using device: cpu
2024-11-01 15:31:03,196 - INFO - Calculating embeddings...
2024-11-01 15:31:12,645 - INFO - 
Training Fold 1...
